<?xml version="1.0" encoding="UTF-8"?>
<testng-results ignored="0" total="1" passed="1" failed="0" skipped="0">
  <reporter-output>
  </reporter-output>
  <suite started-at="2024-01-07T14:50:11 IST" name="Default suite" finished-at="2024-01-07T14:50:32 IST" duration-ms="21561">
    <groups>
    </groups>
    <test started-at="2024-01-07T14:50:11 IST" name="Default test" finished-at="2024-01-07T14:50:32 IST" duration-ms="21561">
      <class name="test.TestSignUp">
        <test-method is-config="true" signature="setUp()[pri:0, instance:test.TestSignUp@2a3b5b47]" started-at="2024-01-07T14:50:11 IST" name="setUp" finished-at="2024-01-07T14:50:19 IST" duration-ms="8373" status="PASS">
          <reporter-output>
          </reporter-output>
        </test-method> <!-- setUp -->
        <test-method signature="signDetails()[pri:0, instance:test.TestSignUp@2a3b5b47]" started-at="2024-01-07T14:50:19 IST" name="signDetails" finished-at="2024-01-07T14:50:32 IST" duration-ms="13128" status="PASS">
          <reporter-output>
          </reporter-output>
        </test-method> <!-- signDetails -->
      </class> <!-- test.TestSignUp -->
    </test> <!-- Default test -->
  </suite> <!-- Default suite -->
</testng-results>
